Configuring Win32-2.5.4.1...
Building Win32-2.5.4.1...
Preprocessing library Win32-2.5.4.1...
[ 1 of 65] Compiling System.Win32.Types ( .stack-work\dist\ca59d0ab\build\System\Win32\Types.hs, .stack-work\dist\ca59d0ab\build\System\Win32\Types.o )
[ 2 of 65] Compiling System.Win32.Word ( System\Win32\Word.hs, .stack-work\dist\ca59d0ab\build\System\Win32\Word.o )
[ 3 of 65] Compiling System.Win32.Time ( .stack-work\dist\ca59d0ab\build\System\Win32\Time.hs, .stack-work\dist\ca59d0ab\build\System\Win32\Time.o )
[ 4 of 65] Compiling System.Win32.String ( System\Win32\String.hs, .stack-work\dist\ca59d0ab\build\System\Win32\String.o )
[ 5 of 65] Compiling System.Win32.Utils ( System\Win32\Utils.hs, .stack-work\dist\ca59d0ab\build\System\Win32\Utils.o )
[ 6 of 65] Compiling System.Win32.Security ( .stack-work\dist\ca59d0ab\build\System\Win32\Security.hs, .stack-work\dist\ca59d0ab\build\System\Win32\Security.o )
[ 7 of 65] Compiling System.Win32.NLS ( .stack-work\dist\ca59d0ab\build\System\Win32\NLS.hs, .stack-work\dist\ca59d0ab\build\System\Win32\NLS.o )
[ 8 of 65] Compiling System.Win32.Mem ( .stack-work\dist\ca59d0ab\build\System\Win32\Mem.hs, .stack-work\dist\ca59d0ab\build\System\Win32\Mem.o )
[ 9 of 65] Compiling System.Win32.Info.Version ( .stack-work\dist\ca59d0ab\build\System\Win32\Info\Version.hs, .stack-work\dist\ca59d0ab\build\System\Win32\Info\Version.o )
[10 of 65] Compiling System.Win32.Info ( .stack-work\dist\ca59d0ab\build\System\Win32\Info.hs, .stack-work\dist\ca59d0ab\build\System\Win32\Info.o )
[11 of 65] Compiling System.Win32.Info.Computer ( .stack-work\dist\ca59d0ab\build\System\Win32\Info\Computer.hs, .stack-work\dist\ca59d0ab\build\System\Win32\Info\Computer.o )
[12 of 65] Compiling System.Win32.File ( .stack-work\dist\ca59d0ab\build\System\Win32\File.hs, .stack-work\dist\ca59d0ab\build\System\Win32\File.o )
[13 of 65] Compiling System.Win32.FileMapping ( .stack-work\dist\ca59d0ab\build\System\Win32\FileMapping.hs, .stack-work\dist\ca59d0ab\build\System\Win32\FileMapping.o )
[14 of 65] Compiling System.Win32.HardLink ( System\Win32\HardLink.hs, .stack-work\dist\ca59d0ab\build\System\Win32\HardLink.o )
[15 of 65] Compiling System.Win32.Path ( .stack-work\dist\ca59d0ab\build\System\Win32\Path.hs, .stack-work\dist\ca59d0ab\build\System\Win32\Path.o )
[16 of 65] Compiling System.Win32.Process ( .stack-work\dist\ca59d0ab\build\System\Win32\Process.hs, .stack-work\dist\ca59d0ab\build\System\Win32\Process.o )
[17 of 65] Compiling System.Win32.Registry ( .stack-work\dist\ca59d0ab\build\System\Win32\Registry.hs, .stack-work\dist\ca59d0ab\build\System\Win32\Registry.o )
[18 of 65] Compiling System.Win32.SymbolicLink ( .stack-work\dist\ca59d0ab\build\System\Win32\SymbolicLink.hs, .stack-work\dist\ca59d0ab\build\System\Win32\SymbolicLink.o )
[19 of 65] Compiling System.Win32.Exception.Unsupported ( System\Win32\Exception\Unsupported.hs, .stack-work\dist\ca59d0ab\build\System\Win32\Exception\Unsupported.o )
[20 of 65] Compiling System.Win32.DebugApi ( .stack-work\dist\ca59d0ab\build\System\Win32\DebugApi.hs, .stack-work\dist\ca59d0ab\build\System\Win32\DebugApi.o )
[21 of 65] Compiling System.Win32.Thread ( System\Win32\Thread.hs, .stack-work\dist\ca59d0ab\build\System\Win32\Thread.o )
[22 of 65] Compiling System.Win32.DLL ( .stack-work\dist\ca59d0ab\build\System\Win32\DLL.hs, .stack-work\dist\ca59d0ab\build\System\Win32\DLL.o )
[23 of 65] Compiling System.Win32.Console.Title ( .stack-work\dist\ca59d0ab\build\System\Win32\Console\Title.hs, .stack-work\dist\ca59d0ab\build\System\Win32\Console\Title.o )
[24 of 65] Compiling System.Win32.Console ( .stack-work\dist\ca59d0ab\build\System\Win32\Console.hs, .stack-work\dist\ca59d0ab\build\System\Win32\Console.o )
[25 of 65] Compiling System.Win32.Console.CtrlHandler ( System\Win32\Console\CtrlHandler.hs, .stack-work\dist\ca59d0ab\build\System\Win32\Console\CtrlHandler.o )
[26 of 65] Compiling System.Win32.Encoding ( System\Win32\Encoding.hs, .stack-work\dist\ca59d0ab\build\System\Win32\Encoding.o )
[27 of 65] Compiling System.Win32.Automation.Input.Mouse ( .stack-work\dist\ca59d0ab\build\System\Win32\Automation\Input\Mouse.hs, .stack-work\dist\ca59d0ab\build\System\Win32\Automation\Input\Mouse.o )
[28 of 65] Compiling System.Win32.Automation.Input.Key ( .stack-work\dist\ca59d0ab\build\System\Win32\Automation\Input\Key.hs, .stack-work\dist\ca59d0ab\build\System\Win32\Automation\Input\Key.o )
[29 of 65] Compiling Media.Win32      ( Media\Win32.hs, .stack-work\dist\ca59d0ab\build\Media\Win32.o )
[30 of 65] Compiling Graphics.Win32.Resource ( .stack-work\dist\ca59d0ab\build\Graphics\Win32\Resource.hs, .stack-work\dist\ca59d0ab\build\Graphics\Win32\Resource.o )
[31 of 65] Compiling Graphics.Win32.Message ( .stack-work\dist\ca59d0ab\build\Graphics\Win32\Message.hs, .stack-work\dist\ca59d0ab\build\Graphics\Win32\Message.o )
[32 of 65] Compiling Graphics.Win32.GDI.Types ( .stack-work\dist\ca59d0ab\build\Graphics\Win32\GDI\Types.hs, .stack-work\dist\ca59d0ab\build\Graphics\Win32\GDI\Types.o )
[33 of 65] Compiling Graphics.Win32.Icon ( Graphics\Win32\Icon.hs, .stack-work\dist\ca59d0ab\build\Graphics\Win32\Icon.o )
[34 of 65] Compiling Graphics.Win32.Key ( .stack-work\dist\ca59d0ab\build\Graphics\Win32\Key.hs, .stack-work\dist\ca59d0ab\build\Graphics\Win32\Key.o )
[35 of 65] Compiling System.Win32.Automation.Input ( .stack-work\dist\ca59d0ab\build\System\Win32\Automation\Input.hs, .stack-work\dist\ca59d0ab\build\System\Win32\Automation\Input.o )
[36 of 65] Compiling System.Win32.Automation ( System\Win32\Automation.hs, .stack-work\dist\ca59d0ab\build\System\Win32\Automation.o )
[37 of 65] Compiling Graphics.Win32.Menu ( .stack-work\dist\ca59d0ab\build\Graphics\Win32\Menu.hs, .stack-work\dist\ca59d0ab\build\Graphics\Win32\Menu.o )
[38 of 65] Compiling Graphics.Win32.Misc ( .stack-work\dist\ca59d0ab\build\Graphics\Win32\Misc.hs, .stack-work\dist\ca59d0ab\build\Graphics\Win32\Misc.o )
[39 of 65] Compiling System.Win32.MinTTY ( .stack-work\dist\ca59d0ab\build\System\Win32\MinTTY.hs, .stack-work\dist\ca59d0ab\build\System\Win32\MinTTY.o )
[40 of 65] Compiling Graphics.Win32.Window ( .stack-work\dist\ca59d0ab\build\Graphics\Win32\Window.hs, .stack-work\dist\ca59d0ab\build\Graphics\Win32\Window.o )
[41 of 65] Compiling Graphics.Win32.Window.AnimateWindow ( .stack-work\dist\ca59d0ab\build\Graphics\Win32\Window\AnimateWindow.hs, .stack-work\dist\ca59d0ab\build\Graphics\Win32\Window\AnimateWindow.o )
[42 of 65] Compiling Graphics.Win32.Window.ForegroundWindow ( Graphics\Win32\Window\ForegroundWindow.hs, .stack-work\dist\ca59d0ab\build\Graphics\Win32\Window\ForegroundWindow.o )
[43 of 65] Compiling Graphics.Win32.Window.HotKey ( .stack-work\dist\ca59d0ab\build\Graphics\Win32\Window\HotKey.hs, .stack-work\dist\ca59d0ab\build\Graphics\Win32\Window\HotKey.o )
[44 of 65] Compiling Graphics.Win32.Window.IMM ( .stack-work\dist\ca59d0ab\build\Graphics\Win32\Window\IMM.hs, .stack-work\dist\ca59d0ab\build\Graphics\Win32\Window\IMM.o )
[45 of 65] Compiling Graphics.Win32.Window.PostMessage ( .stack-work\dist\ca59d0ab\build\Graphics\Win32\Window\PostMessage.hs, .stack-work\dist\ca59d0ab\build\Graphics\Win32\Window\PostMessage.o )
[46 of 65] Compiling System.Win32.Console.HWND ( System\Win32\Console\HWND.hs, .stack-work\dist\ca59d0ab\build\System\Win32\Console\HWND.o )
[47 of 65] Compiling System.Win32.Shell ( .stack-work\dist\ca59d0ab\build\System\Win32\Shell.hs, .stack-work\dist\ca59d0ab\build\System\Win32\Shell.o )
[48 of 65] Compiling System.Win32     ( System\Win32.hs, .stack-work\dist\ca59d0ab\build\System\Win32.o )
[49 of 65] Compiling System.Win32.SimpleMAPI ( .stack-work\dist\ca59d0ab\build\System\Win32\SimpleMAPI.hs, .stack-work\dist\ca59d0ab\build\System\Win32\SimpleMAPI.o )
[50 of 65] Compiling Graphics.Win32.GDI.Region ( Graphics\Win32\GDI\Region.hs, .stack-work\dist\ca59d0ab\build\Graphics\Win32\GDI\Region.o )
[51 of 65] Compiling Graphics.Win32.GDI.Pen ( .stack-work\dist\ca59d0ab\build\Graphics\Win32\GDI\Pen.hs, .stack-work\dist\ca59d0ab\build\Graphics\Win32\GDI\Pen.o )
[52 of 65] Compiling Graphics.Win32.GDI.Path ( Graphics\Win32\GDI\Path.hs, .stack-work\dist\ca59d0ab\build\Graphics\Win32\GDI\Path.o )
[53 of 65] Compiling Graphics.Win32.GDI.Palette ( .stack-work\dist\ca59d0ab\build\Graphics\Win32\GDI\Palette.hs, .stack-work\dist\ca59d0ab\build\Graphics\Win32\GDI\Palette.o )
[54 of 65] Compiling Graphics.Win32.GDI.HDC ( Graphics\Win32\GDI\HDC.hs, .stack-work\dist\ca59d0ab\build\Graphics\Win32\GDI\HDC.o )
[55 of 65] Compiling Graphics.Win32.GDI.Graphics2D ( Graphics\Win32\GDI\Graphics2D.hs, .stack-work\dist\ca59d0ab\build\Graphics\Win32\GDI\Graphics2D.o )
[56 of 65] Compiling Graphics.Win32.GDI.Font ( .stack-work\dist\ca59d0ab\build\Graphics\Win32\GDI\Font.hs, .stack-work\dist\ca59d0ab\build\Graphics\Win32\GDI\Font.o )
[57 of 65] Compiling Graphics.Win32.GDI.Clip ( .stack-work\dist\ca59d0ab\build\Graphics\Win32\GDI\Clip.hs, .stack-work\dist\ca59d0ab\build\Graphics\Win32\GDI\Clip.o )
[58 of 65] Compiling Graphics.Win32.GDI.Brush ( .stack-work\dist\ca59d0ab\build\Graphics\Win32\GDI\Brush.hs, .stack-work\dist\ca59d0ab\build\Graphics\Win32\GDI\Brush.o )
[59 of 65] Compiling Graphics.Win32.GDI.Bitmap ( .stack-work\dist\ca59d0ab\build\Graphics\Win32\GDI\Bitmap.hs, .stack-work\dist\ca59d0ab\build\Graphics\Win32\GDI\Bitmap.o )
[60 of 65] Compiling Graphics.Win32.GDI.AlphaBlend ( .stack-work\dist\ca59d0ab\build\Graphics\Win32\GDI\AlphaBlend.hs, .stack-work\dist\ca59d0ab\build\Graphics\Win32\GDI\AlphaBlend.o )
[61 of 65] Compiling Graphics.Win32.LayeredWindow ( .stack-work\dist\ca59d0ab\build\Graphics\Win32\LayeredWindow.hs, .stack-work\dist\ca59d0ab\build\Graphics\Win32\LayeredWindow.o )
[62 of 65] Compiling Graphics.Win32.GDI ( Graphics\Win32\GDI.hs, .stack-work\dist\ca59d0ab\build\Graphics\Win32\GDI.o )
[63 of 65] Compiling Graphics.Win32.Control ( .stack-work\dist\ca59d0ab\build\Graphics\Win32\Control.hs, .stack-work\dist\ca59d0ab\build\Graphics\Win32\Control.o )
[64 of 65] Compiling Graphics.Win32.Dialogue ( .stack-work\dist\ca59d0ab\build\Graphics\Win32\Dialogue.hs, .stack-work\dist\ca59d0ab\build\Graphics\Win32\Dialogue.o )
[65 of 65] Compiling Graphics.Win32   ( Graphics\Win32.hs, .stack-work\dist\ca59d0ab\build\Graphics\Win32.o )
