Configuring basement-0.0.7...
Building basement-0.0.7...
Preprocessing library basement-0.0.7...
[ 1 of 83] Compiling Basement.Numerical.Conversion ( Basement\Numerical\Conversion.hs, .stack-work\dist\ca59d0ab\build\Basement\Numerical\Conversion.o )
[ 2 of 83] Compiling Basement.Compat.Typeable ( Basement\Compat\Typeable.hs, .stack-work\dist\ca59d0ab\build\Basement\Compat\Typeable.o )
[ 3 of 83] Compiling Basement.Compat.Semigroup ( Basement\Compat\Semigroup.hs, .stack-work\dist\ca59d0ab\build\Basement\Compat\Semigroup.o )
[ 4 of 83] Compiling Basement.Compat.PrimTypes ( Basement\Compat\PrimTypes.hs, .stack-work\dist\ca59d0ab\build\Basement\Compat\PrimTypes.o )
[ 5 of 83] Compiling Basement.Compat.Primitive ( Basement\Compat\Primitive.hs, .stack-work\dist\ca59d0ab\build\Basement\Compat\Primitive.o )
[ 6 of 83] Compiling Basement.Compat.Natural ( Basement\Compat\Natural.hs, .stack-work\dist\ca59d0ab\build\Basement\Compat\Natural.o )
[ 7 of 83] Compiling Basement.Compat.IsList ( Basement\Compat\IsList.hs, .stack-work\dist\ca59d0ab\build\Basement\Compat\IsList.o )
[ 8 of 83] Compiling Basement.Compat.Identity ( Basement\Compat\Identity.hs, .stack-work\dist\ca59d0ab\build\Basement\Compat\Identity.o )
[ 9 of 83] Compiling Basement.Compat.CallStack ( Basement\Compat\CallStack.hs, .stack-work\dist\ca59d0ab\build\Basement\Compat\CallStack.o )
[10 of 83] Compiling Basement.Compat.C.Types ( Basement\Compat\C\Types.hs, .stack-work\dist\ca59d0ab\build\Basement\Compat\C\Types.o )
[11 of 83] Compiling Basement.Compat.NumLiteral ( Basement\Compat\NumLiteral.hs, .stack-work\dist\ca59d0ab\build\Basement\Compat\NumLiteral.o )
[12 of 83] Compiling Basement.Compat.Bifunctor ( Basement\Compat\Bifunctor.hs, .stack-work\dist\ca59d0ab\build\Basement\Compat\Bifunctor.o )
[13 of 83] Compiling Basement.Compat.Base ( Basement\Compat\Base.hs, .stack-work\dist\ca59d0ab\build\Basement\Compat\Base.o )
[14 of 83] Compiling Basement.Compat.MonadTrans ( Basement\Compat\MonadTrans.hs, .stack-work\dist\ca59d0ab\build\Basement\Compat\MonadTrans.o )
[15 of 83] Compiling Basement.Endianness ( Basement\Endianness.hs, .stack-work\dist\ca59d0ab\build\Basement\Endianness.o )
[16 of 83] Compiling Basement.Floating ( Basement\Floating.hs, .stack-work\dist\ca59d0ab\build\Basement\Floating.o )
[17 of 83] Compiling Basement.Numerical.Number ( Basement\Numerical\Number.hs, .stack-work\dist\ca59d0ab\build\Basement\Numerical\Number.o )
[18 of 83] Compiling Basement.IntegralConv ( Basement\IntegralConv.hs, .stack-work\dist\ca59d0ab\build\Basement\IntegralConv.o )
[19 of 83] Compiling Basement.Types.Char7 ( Basement\Types\Char7.hs, .stack-work\dist\ca59d0ab\build\Basement\Types\Char7.o )
[20 of 83] Compiling Basement.Types.Word128 ( Basement\Types\Word128.hs, .stack-work\dist\ca59d0ab\build\Basement\Types\Word128.o )
[21 of 83] Compiling Basement.Types.Word256 ( Basement\Types\Word256.hs, .stack-work\dist\ca59d0ab\build\Basement\Types\Word256.o )
[22 of 83] Compiling Basement.Nat     ( Basement\Nat.hs, .stack-work\dist\ca59d0ab\build\Basement\Nat.o )
[23 of 83] Compiling Basement.UTF8.Table ( Basement\UTF8\Table.hs, .stack-work\dist\ca59d0ab\build\Basement\UTF8\Table.o )
[24 of 83] Compiling Basement.Compat.AMP ( Basement\Compat\AMP.hs, .stack-work\dist\ca59d0ab\build\Basement\Compat\AMP.o )
[25 of 83] Compiling Basement.Monad   ( Basement\Monad.hs, .stack-work\dist\ca59d0ab\build\Basement\Monad.o )
[26 of 83] Compiling Basement.FinalPtr ( Basement\FinalPtr.hs, .stack-work\dist\ca59d0ab\build\Basement\FinalPtr.o )
[27 of 83] Compiling Basement.Bounded ( Basement\Bounded.hs, .stack-work\dist\ca59d0ab\build\Basement\Bounded.o )
[28 of 83] Compiling Basement.Numerical.Additive ( Basement\Numerical\Additive.hs, .stack-work\dist\ca59d0ab\build\Basement\Numerical\Additive.o )
[29 of 83] Compiling Basement.Numerical.Multiplicative ( Basement\Numerical\Multiplicative.hs, .stack-work\dist\ca59d0ab\build\Basement\Numerical\Multiplicative.o )
[30 of 83] Compiling Basement.Numerical.Subtractive ( Basement\Numerical\Subtractive.hs, .stack-work\dist\ca59d0ab\build\Basement\Numerical\Subtractive.o )
[31 of 83] Compiling Basement.Types.OffsetSize ( Basement\Types\OffsetSize.hs, .stack-work\dist\ca59d0ab\build\Basement\Types\OffsetSize.o )
[32 of 83] Compiling Basement.Compat.ExtList ( Basement\Compat\ExtList.hs, .stack-work\dist\ca59d0ab\build\Basement\Compat\ExtList.o )
[33 of 83] Compiling Basement.Exception ( Basement\Exception.hs, .stack-work\dist\ca59d0ab\build\Basement\Exception.o )
[34 of 83] Compiling Basement.NonEmpty ( Basement\NonEmpty.hs, .stack-work\dist\ca59d0ab\build\Basement\NonEmpty.o )
[35 of 83] Compiling Basement.MutableBuilder ( Basement\MutableBuilder.hs, .stack-work\dist\ca59d0ab\build\Basement\MutableBuilder.o )
[36 of 83] Compiling Basement.NormalForm ( Basement\NormalForm.hs, .stack-work\dist\ca59d0ab\build\Basement\NormalForm.o )
[37 of 83] Compiling Basement.These   ( Basement\These.hs, .stack-work\dist\ca59d0ab\build\Basement\These.o )
[38 of 83] Compiling Basement.PrimType ( Basement\PrimType.hs, .stack-work\dist\ca59d0ab\build\Basement\PrimType.o )
[39 of 83] Compiling Basement.Runtime ( Basement\Runtime.hs, .stack-work\dist\ca59d0ab\build\Basement\Runtime.o )
[40 of 83] Compiling Basement.Sized.List ( Basement\Sized\List.hs, .stack-work\dist\ca59d0ab\build\Basement\Sized\List.o )
[41 of 83] Compiling Basement.Terminal.Size ( .stack-work\dist\ca59d0ab\build\Basement\Terminal\Size.hs, .stack-work\dist\ca59d0ab\build\Basement\Terminal\Size.o )
[42 of 83] Compiling Basement.Terminal ( Basement\Terminal.hs, .stack-work\dist\ca59d0ab\build\Basement\Terminal.o )
[43 of 83] Compiling Basement.Types.Ptr ( Basement\Types\Ptr.hs, .stack-work\dist\ca59d0ab\build\Basement\Types\Ptr.o )
[44 of 83] Compiling Basement.UTF8.Helper ( Basement\UTF8\Helper.hs, .stack-work\dist\ca59d0ab\build\Basement\UTF8\Helper.o )
[45 of 83] Compiling Basement.UTF8.Types ( Basement\UTF8\Types.hs, .stack-work\dist\ca59d0ab\build\Basement\UTF8\Types.o )
[46 of 83] Compiling Basement.String.CaseMapping ( Basement\String\CaseMapping.hs, .stack-work\dist\ca59d0ab\build\Basement\String\CaseMapping.o )
[47 of 83] Compiling Basement.Bits    ( Basement\Bits.hs, .stack-work\dist\ca59d0ab\build\Basement\Bits.o )
[48 of 83] Compiling Basement.Bindings.Memory ( Basement\Bindings\Memory.hs, .stack-work\dist\ca59d0ab\build\Basement\Bindings\Memory.o )
[49 of 83] Compiling Basement.Block.Base ( Basement\Block\Base.hs, .stack-work\dist\ca59d0ab\build\Basement\Block\Base.o )
[50 of 83] Compiling Basement.Block.Mutable ( Basement\Block\Mutable.hs, .stack-work\dist\ca59d0ab\build\Basement\Block\Mutable.o )
[51 of 83] Compiling Basement.Cast    ( Basement\Cast.hs, .stack-work\dist\ca59d0ab\build\Basement\Cast.o )
[52 of 83] Compiling Basement.Base16  ( Basement\Base16.hs, .stack-work\dist\ca59d0ab\build\Basement\Base16.o )
[53 of 83] Compiling Basement.Alg.XorShift ( Basement\Alg\XorShift.hs, .stack-work\dist\ca59d0ab\build\Basement\Alg\XorShift.o )
[54 of 83] Compiling Basement.Alg.Class ( Basement\Alg\Class.hs, .stack-work\dist\ca59d0ab\build\Basement\Alg\Class.o )
[55 of 83] Compiling Basement.Alg.Mutable ( Basement\Alg\Mutable.hs, .stack-work\dist\ca59d0ab\build\Basement\Alg\Mutable.o )
[56 of 83] Compiling Basement.Alg.PrimArray ( Basement\Alg\PrimArray.hs, .stack-work\dist\ca59d0ab\build\Basement\Alg\PrimArray.o )
[57 of 83] Compiling Basement.Alg.UTF8 ( Basement\Alg\UTF8.hs, .stack-work\dist\ca59d0ab\build\Basement\Alg\UTF8.o )
[58 of 83] Compiling Basement.Block   ( Basement\Block.hs, .stack-work\dist\ca59d0ab\build\Basement\Block.o )
[59 of 83] Compiling Basement.Alg.String ( Basement\Alg\String.hs, .stack-work\dist\ca59d0ab\build\Basement\Alg\String.o )
[60 of 83] Compiling Basement.Sized.Block ( Basement\Sized\Block.hs, .stack-work\dist\ca59d0ab\build\Basement\Sized\Block.o )
[61 of 83] Compiling Basement.BlockN  ( Basement\BlockN.hs, .stack-work\dist\ca59d0ab\build\Basement\BlockN.o )
[62 of 83] Compiling Basement.UArray.Base ( Basement\UArray\Base.hs, .stack-work\dist\ca59d0ab\build\Basement\UArray\Base.o )
[63 of 83] Compiling Basement.BoxedArray ( Basement\BoxedArray.hs, .stack-work\dist\ca59d0ab\build\Basement\BoxedArray.o )
[64 of 83] Compiling Basement.Sized.Vect ( Basement\Sized\Vect.hs, .stack-work\dist\ca59d0ab\build\Basement\Sized\Vect.o )
[65 of 83] Compiling Basement.UArray.Mutable ( Basement\UArray\Mutable.hs, .stack-work\dist\ca59d0ab\build\Basement\UArray\Mutable.o )
[66 of 83] Compiling Basement.UArray  ( Basement\UArray.hs, .stack-work\dist\ca59d0ab\build\Basement\UArray.o )
[67 of 83] Compiling Basement.Sized.UVect ( Basement\Sized\UVect.hs, .stack-work\dist\ca59d0ab\build\Basement\Sized\UVect.o )
[68 of 83] Compiling Basement.String.Encoding.Encoding ( Basement\String\Encoding\Encoding.hs, .stack-work\dist\ca59d0ab\build\Basement\String\Encoding\Encoding.o )
[69 of 83] Compiling Basement.String.Encoding.ASCII7 ( Basement\String\Encoding\ASCII7.hs, .stack-work\dist\ca59d0ab\build\Basement\String\Encoding\ASCII7.o )
[70 of 83] Compiling Basement.String.Encoding.ISO_8859_1 ( Basement\String\Encoding\ISO_8859_1.hs, .stack-work\dist\ca59d0ab\build\Basement\String\Encoding\ISO_8859_1.o )
[71 of 83] Compiling Basement.String.Encoding.UTF16 ( Basement\String\Encoding\UTF16.hs, .stack-work\dist\ca59d0ab\build\Basement\String\Encoding\UTF16.o )
[72 of 83] Compiling Basement.String.Encoding.UTF32 ( Basement\String\Encoding\UTF32.hs, .stack-work\dist\ca59d0ab\build\Basement\String\Encoding\UTF32.o )
[73 of 83] Compiling Basement.Types.AsciiString ( Basement\Types\AsciiString.hs, .stack-work\dist\ca59d0ab\build\Basement\Types\AsciiString.o )
[74 of 83] Compiling Basement.UTF8.Base ( Basement\UTF8\Base.hs, .stack-work\dist\ca59d0ab\build\Basement\UTF8\Base.o )
[75 of 83] Compiling Basement.Environment ( Basement\Environment.hs, .stack-work\dist\ca59d0ab\build\Basement\Environment.o )
[76 of 83] Compiling Basement.Error   ( Basement\Error.hs, .stack-work\dist\ca59d0ab\build\Basement\Error.o )
[77 of 83] Compiling Basement.Show    ( Basement\Show.hs, .stack-work\dist\ca59d0ab\build\Basement\Show.o )
[78 of 83] Compiling Basement.Imports ( Basement\Imports.hs, .stack-work\dist\ca59d0ab\build\Basement\Imports.o )
[79 of 83] Compiling Basement.String  ( Basement\String.hs, .stack-work\dist\ca59d0ab\build\Basement\String.o )
[80 of 83] Compiling Basement.Block.Builder ( Basement\Block\Builder.hs, .stack-work\dist\ca59d0ab\build\Basement\Block\Builder.o )
[81 of 83] Compiling Basement.From    ( Basement\From.hs, .stack-work\dist\ca59d0ab\build\Basement\From.o )
[82 of 83] Compiling Basement.String.Builder ( Basement\String\Builder.hs, .stack-work\dist\ca59d0ab\build\Basement\String\Builder.o )
[83 of 83] Compiling Basement.Terminal.ANSI ( Basement\Terminal\ANSI.hs, .stack-work\dist\ca59d0ab\build\Basement\Terminal\ANSI.o )
Installing library in
C:\Projects\Haskell\First-principles\ch19\shortUrl\.stack-work\install\6db3355d\lib\x86_64-windows-ghc-8.0.2\basement-0.0.7-1bkOXxfMuXYBANigq80U8F
Registering basement-0.0.7...
