Configuring hedis-0.10.2...
Building hedis-0.10.2...
Preprocessing library hedis-0.10.2...
[ 1 of 10] Compiling Database.Redis.Protocol ( src\Database\Redis\Protocol.hs, .stack-work\dist\ca59d0ab\build\Database\Redis\Protocol.o )
[ 2 of 10] Compiling Database.Redis.ProtocolPipelining ( src\Database\Redis\ProtocolPipelining.hs, .stack-work\dist\ca59d0ab\build\Database\Redis\ProtocolPipelining.o )

src\Database\Redis\ProtocolPipelining.hs:34:1: warning: [-Wdeprecations]
    Module `Network' is deprecated:
      The high level Network interface is no longer supported. Please use Network.Socket.

src\Database\Redis\ProtocolPipelining.hs:35:1: warning: [-Wdeprecations]
    Module `Network.BSD' is deprecated:
      This platform dependent module is no longer supported.

src\Database\Redis\ProtocolPipelining.hs:74:24: warning: [-Wdeprecations]
    In the use of type constructor or class `PortID'
    (imported from Network):
    Deprecated: "The high level Network interface is no longer supported. Please use Network.Socket."

src\Database\Redis\ProtocolPipelining.hs:96:20: warning: [-Wdeprecations]
    In the use of data constructor `PortNumber'
    (imported from Network):
    Deprecated: "The high level Network interface is no longer supported. Please use Network.Socket."

src\Database\Redis\ProtocolPipelining.hs:100:21: warning: [-Wdeprecations]
    In the use of `getHostByName' (imported from Network.BSD):
    Deprecated: "This platform dependent module is no longer supported."

src\Database\Redis\ProtocolPipelining.hs:102:53: warning: [-Wdeprecations]
    In the use of `hostAddress' (imported from Network.BSD):
    Deprecated: "This platform dependent module is no longer supported."

src\Database\Redis\ProtocolPipelining.hs:104:25: warning: [-Wdeprecations]
    In the use of `connectTo' (imported from Network):
    Deprecated: "The high level Network interface is no longer supported. Please use Network.Socket."
[ 3 of 10] Compiling Database.Redis.Types ( src\Database\Redis\Types.hs, .stack-work\dist\ca59d0ab\build\Database\Redis\Types.o )
[ 4 of 10] Compiling Database.Redis.Core ( src\Database\Redis\Core.hs, .stack-work\dist\ca59d0ab\build\Database\Redis\Core.o )

src\Database\Redis\Core.hs:25:1: warning: [-Wdeprecations]
    Module `Network' is deprecated:
      The high level Network interface is no longer supported. Please use Network.Socket.

src\Database\Redis\Core.hs:158:32: warning: [-Wdeprecations]
    In the use of type constructor or class `PortID'
    (imported from Network):
    Deprecated: "The high level Network interface is no longer supported. Please use Network.Socket."

src\Database\Redis\Core.hs:203:31: warning: [-Wdeprecations]
    In the use of data constructor `PortNumber'
    (imported from Network):
    Deprecated: "The high level Network interface is no longer supported. Please use Network.Socket."
[ 5 of 10] Compiling Database.Redis.ManualCommands ( src\Database\Redis\ManualCommands.hs, .stack-work\dist\ca59d0ab\build\Database\Redis\ManualCommands.o )
[ 6 of 10] Compiling Database.Redis.PubSub ( src\Database\Redis\PubSub.hs, .stack-work\dist\ca59d0ab\build\Database\Redis\PubSub.o )
[ 7 of 10] Compiling Database.Redis.Transactions ( src\Database\Redis\Transactions.hs, .stack-work\dist\ca59d0ab\build\Database\Redis\Transactions.o )
[ 8 of 10] Compiling Database.Redis.URL ( src\Database\Redis\URL.hs, .stack-work\dist\ca59d0ab\build\Database\Redis\URL.o )

src\Database\Redis\URL.hs:61:14: warning: [-Wdeprecations]
    In the use of data constructor `PortNumber'
    (imported from Database.Redis.ProtocolPipelining, but defined in Network):
    Deprecated: "The high level Network interface is no longer supported. Please use Network.Socket."
[ 9 of 10] Compiling Database.Redis.Commands ( src\Database\Redis\Commands.hs, .stack-work\dist\ca59d0ab\build\Database\Redis\Commands.o )
[10 of 10] Compiling Database.Redis   ( src\Database\Redis.hs, .stack-work\dist\ca59d0ab\build\Database\Redis.o )
Installing library in
C:\Projects\Haskell\First-principles\ch19\shortUrl\.stack-work\install\6db3355d\lib\x86_64-windows-ghc-8.0.2\hedis-0.10.2-BnCuzaldMSLJHShrgLxvXV
Registering hedis-0.10.2...
