Warning: scotty.cabal: Unknown fields: build-tool-depends (line 124)
Fields allowed in this section:
type, main-is, test-module, buildable, build-tools, build-depends,
cpp-options, cc-options, ld-options, pkgconfig-depends, frameworks,
extra-framework-dirs, c-sources, js-sources, default-language,
other-languages, default-extensions, other-extensions, extensions,
extra-libraries, extra-ghci-libraries, extra-lib-dirs, includes,
install-includes, include-dirs, hs-source-dirs, other-modules,
ghc-prof-options, ghcjs-prof-options, ghc-shared-options,
ghcjs-shared-options, ghc-options, ghcjs-options, jhc-options,
hugs-options, nhc98-options
Warning: scotty.cabal: Unknown fields: build-tool-depends (line 127)
Fields allowed in this section:
type, main-is, test-module, buildable, build-tools, build-depends,
cpp-options, cc-options, ld-options, pkgconfig-depends, frameworks,
extra-framework-dirs, c-sources, js-sources, default-language,
other-languages, default-extensions, other-extensions, extensions,
extra-libraries, extra-ghci-libraries, extra-lib-dirs, includes,
install-includes, include-dirs, hs-source-dirs, other-modules,
ghc-prof-options, ghcjs-prof-options, ghc-shared-options,
ghcjs-shared-options, ghc-options, ghcjs-options, jhc-options,
hugs-options, nhc98-options
Configuring scotty-0.11.1...
Building scotty-0.11.1...
Preprocessing library scotty-0.11.1...
[1 of 6] Compiling Web.Scotty.Internal.Types ( Web\Scotty\Internal\Types.hs, .stack-work\dist\ca59d0ab\build\Web\Scotty\Internal\Types.o )
[2 of 6] Compiling Web.Scotty.Util  ( Web\Scotty\Util.hs, .stack-work\dist\ca59d0ab\build\Web\Scotty\Util.o )

Web\Scotty\Util.hs:15:1: warning: [-Wdeprecations]
    Module `Network' is deprecated:
      The high level Network interface is no longer supported. Please use Network.Socket.

Web\Scotty\Util.hs:69:30: warning: [-Wdeprecations]
    In the use of `socketPort' (imported from Network):
    Deprecated: "The high level Network interface is no longer supported. Please use Network.Socket."

Web\Scotty\Util.hs:71:21: warning: [-Wdeprecations]
    In the use of data constructor `Service' (imported from Network):
    Deprecated: "The high level Network interface is no longer supported. Please use Network.Socket."

Web\Scotty\Util.hs:72:21: warning: [-Wdeprecations]
    In the use of data constructor `PortNumber'
    (imported from Network):
    Deprecated: "The high level Network interface is no longer supported. Please use Network.Socket."
[3 of 6] Compiling Web.Scotty.Action ( Web\Scotty\Action.hs, .stack-work\dist\ca59d0ab\build\Web\Scotty\Action.o )
[4 of 6] Compiling Web.Scotty.Route ( Web\Scotty\Route.hs, .stack-work\dist\ca59d0ab\build\Web\Scotty\Route.o )
[5 of 6] Compiling Web.Scotty.Trans ( Web\Scotty\Trans.hs, .stack-work\dist\ca59d0ab\build\Web\Scotty\Trans.o )

Web\Scotty\Trans.hs:50:1: warning: [-Wdeprecations]
    Module `Network' is deprecated:
      The high level Network interface is no longer supported. Please use Network.Socket.
[6 of 6] Compiling Web.Scotty       ( Web\Scotty.hs, .stack-work\dist\ca59d0ab\build\Web\Scotty.o )

Web\Scotty.hs:44:1: warning: [-Wdeprecations]
    Module `Network' is deprecated:
      The high level Network interface is no longer supported. Please use Network.Socket.
Installing library in
C:\Projects\Haskell\First-principles\ch19\shortUrl\.stack-work\install\6db3355d\lib\x86_64-windows-ghc-8.0.2\scotty-0.11.1-18weEVZu461HmnzeQAuBSS
Registering scotty-0.11.1...
